<?xml version="1.0" encoding="utf-8"?>
<TestRun id="6cd96ea1-3a43-469e-8fc2-b174397f2d61" name="Rafa@CYBER 2026-04-15 16:10:27" runUser="CYBER\Rafa" xmlns="http://microsoft.com/schemas/VisualStudio/TeamTest/2010">
  <Times creation="2026-04-15T16:10:27.3263651-03:00" queuing="2026-04-15T16:10:27.3263655-03:00" start="2026-04-15T16:10:26.3673675-03:00" finish="2026-04-15T16:10:27.3945264-03:00" />
  <TestSettings name="default" id="e8406411-d310-4fae-b1e7-d9ebfc44774b">
    <Deployment runDeploymentRoot="Rafa_CYBER_2026-04-15_16_10_27" />
  </TestSettings>
  <Results>
    <UnitTestResult executionId="91c6d6b2-7855-4d8a-9ca8-aa449abfc38f" testId="fc385245-93a4-0118-d40c-e19cb25149ba" testName="MinhasFinancas.UnitTests.Tests.Domain.TransacaoTests.SetPessoa_MenorComReceita_LancaInvalidOperationException" computerName="CYBER" duration="00:00:00.0014386" startTime="2026-04-15T16:10:27.2944870-03:00" endTime="2026-04-15T16:10:27.2945459-03:00" testType="13cdc9d9-ddb5-4fa4-a97d-d965ccfc6d4b" outcome="Passed" testListId="8c84fa94-04c1-424b-9868-57a2d4851a1d" relativeResultsDirectory="91c6d6b2-7855-4d8a-9ca8-aa449abfc38f" />
    <UnitTestResult executionId="bafa29a3-20be-4e73-9e95-f2d7e387ef90" testId="11f2be0d-ba9e-b2d3-d675-9bb57f4cb623" testName="MinhasFinancas.UnitTests.Tests.Domain.PessoaTests.EhMaiorDeIdade_Crianca_RetornaFalso" computerName="CYBER" duration="00:00:00.0002250" startTime="2026-04-15T16:10:27.2892883-03:00" endTime="2026-04-15T16:10:27.2896173-03:00" testType="13cdc9d9-ddb5-4fa4-a97d-d965ccfc6d4b" outcome="Passed" testListId="8c84fa94-04c1-424b-9868-57a2d4851a1d" relativeResultsDirectory="bafa29a3-20be-4e73-9e95-f2d7e387ef90" />
    <UnitTestResult executionId="9e5905e3-5d55-4cbb-af0e-f53193be2837" testId="1381c363-24fd-45bf-0aa1-d4115d1f2ae8" testName="MinhasFinancas.UnitTests.Tests.Application.PessoaValidationTests.ValidarDataNascimento_FuturoDistante_RetornaErroValidacao" computerName="CYBER" duration="00:00:00.0174104" startTime="2026-04-15T16:10:27.2081464-03:00" endTime="2026-04-15T16:10:27.2343215-03:00" testType="13cdc9d9-ddb5-4fa4-a97d-d965ccfc6d4b" outcome="Passed" testListId="8c84fa94-04c1-424b-9868-57a2d4851a1d" relativeResultsDirectory="9e5905e3-5d55-4cbb-af0e-f53193be2837" />
    <UnitTestResult executionId="ffa6d040-0f83-488c-a805-d40e5b8f08b4" testId="2f58a66c-bda0-713f-ec5d-62beb7395cf4" testName="MinhasFinancas.UnitTests.Tests.Domain.TransacaoTests.SetPessoa_MenorComDespesa_SemExcecao" computerName="CYBER" duration="00:00:00.0005511" startTime="2026-04-15T16:10:27.3056471-03:00" endTime="2026-04-15T16:10:27.3057396-03:00" testType="13cdc9d9-ddb5-4fa4-a97d-d965ccfc6d4b" outcome="Passed" testListId="8c84fa94-04c1-424b-9868-57a2d4851a1d" relativeResultsDirectory="ffa6d040-0f83-488c-a805-d40e5b8f08b4" />
    <UnitTestResult executionId="23cdcebd-e221-48e9-89ca-f529be28a08a" testId="9bddbe00-c6fe-7c87-257e-844eeaca0374" testName="MinhasFinancas.UnitTests.Tests.Domain.PessoaTests.EhMaiorDeIdade_Adulto_RetornaVerdadeiro" computerName="CYBER" duration="00:00:00.0172986" startTime="2026-04-15T16:10:27.2061330-03:00" endTime="2026-04-15T16:10:27.2397085-03:00" testType="13cdc9d9-ddb5-4fa4-a97d-d965ccfc6d4b" outcome="Passed" testListId="8c84fa94-04c1-424b-9868-57a2d4851a1d" relativeResultsDirectory="23cdcebd-e221-48e9-89ca-f529be28a08a" />
    <UnitTestResult executionId="f38bebd2-5b41-4b54-b552-1fdb2db3a0c5" testId="3fd501f4-7d39-44cf-b136-b1e55fac9d6e" testName="MinhasFinancas.UnitTests.Tests.Domain.TransacaoTests.SetCategoria_AtribuiCategoriaIdCorretamente" computerName="CYBER" duration="00:00:00.0007882" startTime="2026-04-15T16:10:27.2948095-03:00" endTime="2026-04-15T16:10:27.2948798-03:00" testType="13cdc9d9-ddb5-4fa4-a97d-d965ccfc6d4b" outcome="Passed" testListId="8c84fa94-04c1-424b-9868-57a2d4851a1d" relativeResultsDirectory="f38bebd2-5b41-4b54-b552-1fdb2db3a0c5" />
    <UnitTestResult executionId="85da7098-b033-4988-9ec3-eb1a9a2067b1" testId="6afc570d-c86d-6d26-0595-e811d4f80d96" testName="MinhasFinancas.UnitTests.Tests.Domain.PessoaTests.EhMaiorDeIdade_17AnosE364Dias_RetornaFalso" computerName="CYBER" duration="00:00:00.0002006" startTime="2026-04-15T16:10:27.2493755-03:00" endTime="2026-04-15T16:10:27.2501690-03:00" testType="13cdc9d9-ddb5-4fa4-a97d-d965ccfc6d4b" outcome="Passed" testListId="8c84fa94-04c1-424b-9868-57a2d4851a1d" relativeResultsDirectory="85da7098-b033-4988-9ec3-eb1a9a2067b1" />
    <UnitTestResult executionId="82dccb59-e582-45b6-b1be-c925bff799d8" testId="11435094-7b46-53c5-c20f-5b5e85623dda" testName="MinhasFinancas.UnitTests.Tests.Domain.CategoriaTests.PermiteTipo_CategoriaAmbas_TransacaoReceita_RetornaVerdadeiro" computerName="CYBER" duration="00:00:00.0001788" startTime="2026-04-15T16:10:27.2920770-03:00" endTime="2026-04-15T16:10:27.2921335-03:00" testType="13cdc9d9-ddb5-4fa4-a97d-d965ccfc6d4b" outcome="Passed" testListId="8c84fa94-04c1-424b-9868-57a2d4851a1d" relativeResultsDirectory="82dccb59-e582-45b6-b1be-c925bff799d8" />
    <UnitTestResult executionId="654a6240-2a2f-41f5-8eef-78829f6375a6" testId="a5775dc8-9351-8e52-be13-68f5bd4b5ac2" testName="MinhasFinancas.UnitTests.Tests.Domain.TransacaoTests.SetCategoria_Nulo_NaoLancaExcecao" computerName="CYBER" duration="00:00:00.0004622" startTime="2026-04-15T16:10:27.3054044-03:00" endTime="2026-04-15T16:10:27.3055035-03:00" testType="13cdc9d9-ddb5-4fa4-a97d-d965ccfc6d4b" outcome="Passed" testListId="8c84fa94-04c1-424b-9868-57a2d4851a1d" relativeResultsDirectory="654a6240-2a2f-41f5-8eef-78829f6375a6" />
    <UnitTestResult executionId="7f5a71d9-4696-4731-a126-36ae9740c68f" testId="054fc4a8-e6da-fdb9-cbf9-3e4ab44ac342" testName="MinhasFinancas.UnitTests.Tests.Application.PessoaValidationTests.ValidarDataNascimento_Hoje_RetornaSucesso" computerName="CYBER" duration="00:00:00.0006724" startTime="2026-04-15T16:10:27.2494629-03:00" endTime="2026-04-15T16:10:27.2851033-03:00" testType="13cdc9d9-ddb5-4fa4-a97d-d965ccfc6d4b" outcome="Passed" testListId="8c84fa94-04c1-424b-9868-57a2d4851a1d" relativeResultsDirectory="7f5a71d9-4696-4731-a126-36ae9740c68f" />
    <UnitTestResult executionId="e0bc0438-a20e-47f3-a98c-edf168d4ab6c" testId="d1fcb5c0-97c8-fa00-f7a0-d69c439606f6" testName="MinhasFinancas.UnitTests.Tests.Domain.TransacaoTests.SetCategoria_CategoriaAmbas_QualquerTipo_SemExcecao(tipo: Despesa)" computerName="CYBER" duration="00:00:00.0012210" startTime="2026-04-15T16:10:27.2494345-03:00" endTime="2026-04-15T16:10:27.2861660-03:00" testType="13cdc9d9-ddb5-4fa4-a97d-d965ccfc6d4b" outcome="Passed" testListId="8c84fa94-04c1-424b-9868-57a2d4851a1d" relativeResultsDirectory="e0bc0438-a20e-47f3-a98c-edf168d4ab6c" />
    <UnitTestResult executionId="422ed18c-8a72-4bdf-afd9-4dd50757e13e" testId="3ca595f0-cf79-ef3a-011f-bf79710923b5" testName="MinhasFinancas.UnitTests.Tests.Domain.CategoriaTests.PermiteTipo_FinalidadePadrao_ComportaComoDespesa" computerName="CYBER" duration="00:00:00.0014561" startTime="2026-04-15T16:10:27.2847448-03:00" endTime="2026-04-15T16:10:27.2893498-03:00" testType="13cdc9d9-ddb5-4fa4-a97d-d965ccfc6d4b" outcome="Passed" testListId="8c84fa94-04c1-424b-9868-57a2d4851a1d" relativeResultsDirectory="422ed18c-8a72-4bdf-afd9-4dd50757e13e" />
    <UnitTestResult executionId="685a970b-3668-457b-a700-8442c54c650b" testId="e2d0f7c0-064e-8458-4c1e-2e65821dd073" testName="MinhasFinancas.UnitTests.Tests.Application.PessoaValidationTests.ValidarDataNascimento_DataPassada_RetornaSucesso" computerName="CYBER" duration="00:00:00.0002490" startTime="2026-04-15T16:10:27.2859386-03:00" endTime="2026-04-15T16:10:27.2860072-03:00" testType="13cdc9d9-ddb5-4fa4-a97d-d965ccfc6d4b" outcome="Passed" testListId="8c84fa94-04c1-424b-9868-57a2d4851a1d" relativeResultsDirectory="685a970b-3668-457b-a700-8442c54c650b" />
    <UnitTestResult executionId="c80d3e67-2eeb-4a86-9433-eeffa9e84be5" testId="46dcbf50-c47a-4812-1793-b5647f54f099" testName="MinhasFinancas.UnitTests.Tests.Domain.TransacaoTests.SetPessoa_AdultoComReceita_SemExcecao" computerName="CYBER" duration="00:00:00.0006773" startTime="2026-04-15T16:10:27.3032012-03:00" endTime="2026-04-15T16:10:27.3032747-03:00" testType="13cdc9d9-ddb5-4fa4-a97d-d965ccfc6d4b" outcome="Passed" testListId="8c84fa94-04c1-424b-9868-57a2d4851a1d" relativeResultsDirectory="c80d3e67-2eeb-4a86-9433-eeffa9e84be5" />
    <UnitTestResult executionId="6125f06d-46df-41aa-8dd8-a2ce7d9fbaf6" testId="6d21387c-9cf8-3cf7-1e01-4e0969b27c17" testName="MinhasFinancas.UnitTests.Tests.Domain.TransacaoTests.SetPessoa_AtribuiPessoaIdCorretamente" computerName="CYBER" duration="00:00:00.0002361" startTime="2026-04-15T16:10:27.3064817-03:00" endTime="2026-04-15T16:10:27.3065303-03:00" testType="13cdc9d9-ddb5-4fa4-a97d-d965ccfc6d4b" outcome="Passed" testListId="8c84fa94-04c1-424b-9868-57a2d4851a1d" relativeResultsDirectory="6125f06d-46df-41aa-8dd8-a2ce7d9fbaf6" />
    <UnitTestResult executionId="3f8bd471-278e-43db-89dd-349eb2b6758e" testId="39ae61ae-a5b3-bf53-2514-b5cf5e11697d" testName="MinhasFinancas.UnitTests.Tests.Domain.PessoaTests.CalcularIdade_NascidoEm29Fev_LimiteAnoBissexto" computerName="CYBER" duration="00:00:00.0006179" startTime="2026-04-15T16:10:27.2856622-03:00" endTime="2026-04-15T16:10:27.2887136-03:00" testType="13cdc9d9-ddb5-4fa4-a97d-d965ccfc6d4b" outcome="Passed" testListId="8c84fa94-04c1-424b-9868-57a2d4851a1d" relativeResultsDirectory="3f8bd471-278e-43db-89dd-349eb2b6758e" />
    <UnitTestResult executionId="a5c05e6f-099e-454f-9dc4-109ea2c6b66d" testId="50e76289-b667-620a-ee99-a0062246e121" testName="MinhasFinancas.UnitTests.Tests.Application.PessoaValidationTests.ValidarDataNascimento_PassadoDistante_RetornaSucesso" computerName="CYBER" duration="00:00:00.0002710" startTime="2026-04-15T16:10:27.2863129-03:00" endTime="2026-04-15T16:10:27.2890065-03:00" testType="13cdc9d9-ddb5-4fa4-a97d-d965ccfc6d4b" outcome="Passed" testListId="8c84fa94-04c1-424b-9868-57a2d4851a1d" relativeResultsDirectory="a5c05e6f-099e-454f-9dc4-109ea2c6b66d" />
    <UnitTestResult executionId="46634fbe-8c03-4cfc-a8cd-64af3bbe9a7f" testId="7faddcb2-0ee6-7ed1-2082-2ceb3a35baad" testName="MinhasFinancas.UnitTests.Tests.Domain.CategoriaTests.PermiteTipo_CategoriaAmbas_TransacaoDespesa_RetornaVerdadeiro" computerName="CYBER" duration="00:00:00.0001663" startTime="2026-04-15T16:10:27.2491404-03:00" endTime="2026-04-15T16:10:27.2495896-03:00" testType="13cdc9d9-ddb5-4fa4-a97d-d965ccfc6d4b" outcome="Passed" testListId="8c84fa94-04c1-424b-9868-57a2d4851a1d" relativeResultsDirectory="46634fbe-8c03-4cfc-a8cd-64af3bbe9a7f" />
    <UnitTestResult executionId="fd15225c-9717-40ca-b7d0-6b5ffb1bc18f" testId="c030365b-14af-5d33-1289-e9efa9a033f8" testName="MinhasFinancas.UnitTests.Tests.Domain.TransacaoTests.SetCategoria_DespesaComCategoriaDespesa_SemExcecao" computerName="CYBER" duration="00:00:00.0005797" startTime="2026-04-15T16:10:27.3046752-03:00" endTime="2026-04-15T16:10:27.3048036-03:00" testType="13cdc9d9-ddb5-4fa4-a97d-d965ccfc6d4b" outcome="Passed" testListId="8c84fa94-04c1-424b-9868-57a2d4851a1d" relativeResultsDirectory="fd15225c-9717-40ca-b7d0-6b5ffb1bc18f" />
    <UnitTestResult executionId="0399868c-81aa-4010-9354-c1b8bfdff9bf" testId="2cfb5afe-ce3f-3803-06bc-9e4b22576403" testName="MinhasFinancas.UnitTests.Tests.Application.PessoaValidationTests.ValidarDataNascimento_DataFutura_RetornaErroValidacao" computerName="CYBER" duration="00:00:00.0001944" startTime="2026-04-15T16:10:27.2856246-03:00" endTime="2026-04-15T16:10:27.2857649-03:00" testType="13cdc9d9-ddb5-4fa4-a97d-d965ccfc6d4b" outcome="Passed" testListId="8c84fa94-04c1-424b-9868-57a2d4851a1d" relativeResultsDirectory="0399868c-81aa-4010-9354-c1b8bfdff9bf" />
    <UnitTestResult executionId="892027ec-5e4d-483a-8639-f2fe63a16de6" testId="a2e97b29-6ee9-9a6b-de23-5e8c81573971" testName="MinhasFinancas.UnitTests.Tests.Domain.TransacaoTests.SetPessoa_AdultoComDespesa_SemExcecao" computerName="CYBER" duration="00:00:00.0202974" startTime="2026-04-15T16:10:27.2080283-03:00" endTime="2026-04-15T16:10:27.2397573-03:00" testType="13cdc9d9-ddb5-4fa4-a97d-d965ccfc6d4b" outcome="Passed" testListId="8c84fa94-04c1-424b-9868-57a2d4851a1d" relativeResultsDirectory="892027ec-5e4d-483a-8639-f2fe63a16de6" />
    <UnitTestResult executionId="bc4f41f7-7318-4059-8e46-57d1d88bcf7a" testId="b550e207-94bb-03f8-f427-c5d654b797a9" testName="MinhasFinancas.UnitTests.Tests.Domain.CategoriaTests.PermiteTipo_CategoriaDespesa_TransacaoReceita_RetornaFalso" computerName="CYBER" duration="00:00:00.0001198" startTime="2026-04-15T16:10:27.2500968-03:00" endTime="2026-04-15T16:10:27.2843769-03:00" testType="13cdc9d9-ddb5-4fa4-a97d-d965ccfc6d4b" outcome="Passed" testListId="8c84fa94-04c1-424b-9868-57a2d4851a1d" relativeResultsDirectory="bc4f41f7-7318-4059-8e46-57d1d88bcf7a" />
    <UnitTestResult executionId="81f827af-6700-4df7-be0a-ff75556ef8b1" testId="3688e9b5-02b2-5775-dcb9-28094af7f9a8" testName="MinhasFinancas.UnitTests.Tests.Domain.TransacaoTests.SetCategoria_DespesaComCategoriaReceita_LancaInvalidOperationException" computerName="CYBER" duration="00:00:00.0007436" startTime="2026-04-15T16:10:27.3061144-03:00" endTime="2026-04-15T16:10:27.3061661-03:00" testType="13cdc9d9-ddb5-4fa4-a97d-d965ccfc6d4b" outcome="Passed" testListId="8c84fa94-04c1-424b-9868-57a2d4851a1d" relativeResultsDirectory="81f827af-6700-4df7-be0a-ff75556ef8b1" />
    <UnitTestResult executionId="a516e6db-4a11-46bb-9b72-96f6b90f9f97" testId="983ee69e-d6f5-50d9-a270-cafd679f0f45" testName="MinhasFinancas.UnitTests.Tests.Domain.CategoriaTests.PermiteTipo_CategoriaDespesa_TransacaoDespesa_RetornaVerdadeiro" computerName="CYBER" duration="00:00:00.0001260" startTime="2026-04-15T16:10:27.2916328-03:00" endTime="2026-04-15T16:10:27.2918763-03:00" testType="13cdc9d9-ddb5-4fa4-a97d-d965ccfc6d4b" outcome="Passed" testListId="8c84fa94-04c1-424b-9868-57a2d4851a1d" relativeResultsDirectory="a516e6db-4a11-46bb-9b72-96f6b90f9f97" />
    <UnitTestResult executionId="7cd3fefc-18cf-4048-a073-8b490ccf9c51" testId="94914f78-6fb0-0157-de3a-5b4edd4cdeb9" testName="MinhasFinancas.UnitTests.Tests.Domain.TransacaoTests.SetCategoria_ReceitaComCategoriaDespesa_LancaInvalidOperationException" computerName="CYBER" duration="00:00:00.0143032" startTime="2026-04-15T16:10:27.2900524-03:00" endTime="2026-04-15T16:10:27.2942711-03:00" testType="13cdc9d9-ddb5-4fa4-a97d-d965ccfc6d4b" outcome="Passed" testListId="8c84fa94-04c1-424b-9868-57a2d4851a1d" relativeResultsDirectory="7cd3fefc-18cf-4048-a073-8b490ccf9c51" />
    <UnitTestResult executionId="97083983-d4ea-48d7-881e-eea10d2b007c" testId="904f0335-9d6d-2113-12dc-a641bda67d72" testName="MinhasFinancas.UnitTests.Tests.Domain.TransacaoTests.SetCategoria_ReceitaComCategoriaReceita_SemExcecao" computerName="CYBER" duration="00:00:00.0005731" startTime="2026-04-15T16:10:27.2950521-03:00" endTime="2026-04-15T16:10:27.2951177-03:00" testType="13cdc9d9-ddb5-4fa4-a97d-d965ccfc6d4b" outcome="Passed" testListId="8c84fa94-04c1-424b-9868-57a2d4851a1d" relativeResultsDirectory="97083983-d4ea-48d7-881e-eea10d2b007c" />
    <UnitTestResult executionId="20d9876e-106c-4232-9a82-7c39104e370d" testId="d0bdfa8f-8660-267e-52b8-8fba135f05da" testName="MinhasFinancas.UnitTests.Tests.Domain.CategoriaTests.PermiteTipo_CategoriaReceita_TransacaoReceita_RetornaVerdadeiro" computerName="CYBER" duration="00:00:00.0172738" startTime="2026-04-15T16:10:27.2081076-03:00" endTime="2026-04-15T16:10:27.2395730-03:00" testType="13cdc9d9-ddb5-4fa4-a97d-d965ccfc6d4b" outcome="Passed" testListId="8c84fa94-04c1-424b-9868-57a2d4851a1d" relativeResultsDirectory="20d9876e-106c-4232-9a82-7c39104e370d" />
    <UnitTestResult executionId="e0423ef5-6929-43cb-ae8b-8327c8576c73" testId="dacac5f1-4033-4397-da54-be7442c2d14b" testName="MinhasFinancas.UnitTests.Tests.Domain.TransacaoTests.SetPessoa_Nulo_NaoLancaExcecao" computerName="CYBER" duration="00:00:00.0006161" startTime="2026-04-15T16:10:27.3034983-03:00" endTime="2026-04-15T16:10:27.3035539-03:00" testType="13cdc9d9-ddb5-4fa4-a97d-d965ccfc6d4b" outcome="Passed" testListId="8c84fa94-04c1-424b-9868-57a2d4851a1d" relativeResultsDirectory="e0423ef5-6929-43cb-ae8b-8327c8576c73" />
    <UnitTestResult executionId="01ee791b-6574-4dd3-a672-13d30d6136e0" testId="4cd4c8e5-2c6c-01f8-e6ad-2f906e39e61f" testName="MinhasFinancas.UnitTests.Tests.Domain.CategoriaTests.PermiteTipo_CategoriaReceita_TransacaoDespesa_RetornaFalso" computerName="CYBER" duration="00:00:00.0001303" startTime="2026-04-15T16:10:27.2895436-03:00" endTime="2026-04-15T16:10:27.2901117-03:00" testType="13cdc9d9-ddb5-4fa4-a97d-d965ccfc6d4b" outcome="Passed" testListId="8c84fa94-04c1-424b-9868-57a2d4851a1d" relativeResultsDirectory="01ee791b-6574-4dd3-a672-13d30d6136e0" />
    <UnitTestResult executionId="6bf1438b-237a-44c9-9e6a-05e98f35b30f" testId="ae41a3f2-4a6e-fde5-9712-bc17afa58743" testName="MinhasFinancas.UnitTests.Tests.Domain.PessoaTests.CalcularIdade_RecemNascido_RetornaZero" computerName="CYBER" duration="00:00:00.0001507" startTime="2026-04-15T16:10:27.2897779-03:00" endTime="2026-04-15T16:10:27.2917282-03:00" testType="13cdc9d9-ddb5-4fa4-a97d-d965ccfc6d4b" outcome="Passed" testListId="8c84fa94-04c1-424b-9868-57a2d4851a1d" relativeResultsDirectory="6bf1438b-237a-44c9-9e6a-05e98f35b30f" />
    <UnitTestResult executionId="b6c12611-79c3-4428-a5ea-43e51bb5dbe2" testId="7a40bb63-a827-d0e2-b21d-244eb0ff5d0c" testName="MinhasFinancas.UnitTests.Tests.Domain.PessoaTests.EhMaiorDeIdade_18Anos_RetornaVerdadeiro" computerName="CYBER" duration="00:00:00.0001875" startTime="2026-04-15T16:10:27.2889365-03:00" endTime="2026-04-15T16:10:27.2891274-03:00" testType="13cdc9d9-ddb5-4fa4-a97d-d965ccfc6d4b" outcome="Passed" testListId="8c84fa94-04c1-424b-9868-57a2d4851a1d" relativeResultsDirectory="b6c12611-79c3-4428-a5ea-43e51bb5dbe2" />
    <UnitTestResult executionId="72f0b404-242b-415a-b9a6-8d3b969d983e" testId="ab6cf0a6-4f3c-525f-3a27-4f6218fd8f9a" testName="MinhasFinancas.UnitTests.Tests.Domain.PessoaTests.CalcularIdade_DataFutura_IdadeNegativa" computerName="CYBER" duration="00:00:00.0004703" startTime="2026-04-15T16:10:27.2842603-03:00" endTime="2026-04-15T16:10:27.2852097-03:00" testType="13cdc9d9-ddb5-4fa4-a97d-d965ccfc6d4b" outcome="Passed" testListId="8c84fa94-04c1-424b-9868-57a2d4851a1d" relativeResultsDirectory="72f0b404-242b-415a-b9a6-8d3b969d983e" />
    <UnitTestResult executionId="115e1d13-12d3-4ca7-ad4d-d0ae8691d23f" testId="5a9742ea-4ca6-559e-3e1a-2129bf810692" testName="MinhasFinancas.UnitTests.Tests.Domain.TransacaoTests.SetCategoria_CategoriaAmbas_QualquerTipo_SemExcecao(tipo: Receita)" computerName="CYBER" duration="00:00:00.0006375" startTime="2026-04-15T16:10:27.2885421-03:00" endTime="2026-04-15T16:10:27.2898765-03:00" testType="13cdc9d9-ddb5-4fa4-a97d-d965ccfc6d4b" outcome="Passed" testListId="8c84fa94-04c1-424b-9868-57a2d4851a1d" relativeResultsDirectory="115e1d13-12d3-4ca7-ad4d-d0ae8691d23f" />
  </Results>
  <TestDefinitions>
    <UnitTest name="MinhasFinancas.UnitTests.Tests.Domain.TransacaoTests.SetPessoa_AtribuiPessoaIdCorretamente" storage="c:\examedesenvolvedordetestes\backendtests\unittests\bin\debug\net10.0\unittests.dll" id="6d21387c-9cf8-3cf7-1e01-4e0969b27c17">
      <Execution id="6125f06d-46df-41aa-8dd8-a2ce7d9fbaf6" />
      <TestMethod codeBase="C:\ExameDesenvolvedorDeTestes\BackendTests\UnitTests\bin\Debug\net10.0\UnitTests.dll" adapterTypeName="executor://xunit/VsTestRunner3/netcore/" className="MinhasFinancas.UnitTests.Tests.Domain.TransacaoTests" name="SetPessoa_AtribuiPessoaIdCorretamente" />
    </UnitTest>
    <UnitTest name="MinhasFinancas.UnitTests.Tests.Domain.TransacaoTests.SetCategoria_Nulo_NaoLancaExcecao" storage="c:\examedesenvolvedordetestes\backendtests\unittests\bin\debug\net10.0\unittests.dll" id="a5775dc8-9351-8e52-be13-68f5bd4b5ac2">
      <Execution id="654a6240-2a2f-41f5-8eef-78829f6375a6" />
      <TestMethod codeBase="C:\ExameDesenvolvedorDeTestes\BackendTests\UnitTests\bin\Debug\net10.0\UnitTests.dll" adapterTypeName="executor://xunit/VsTestRunner3/netcore/" className="MinhasFinancas.UnitTests.Tests.Domain.TransacaoTests" name="SetCategoria_Nulo_NaoLancaExcecao" />
    </UnitTest>
    <UnitTest name="MinhasFinancas.UnitTests.Tests.Domain.TransacaoTests.SetCategoria_CategoriaAmbas_QualquerTipo_SemExcecao(tipo: Despesa)" storage="c:\examedesenvolvedordetestes\backendtests\unittests\bin\debug\net10.0\unittests.dll" id="d1fcb5c0-97c8-fa00-f7a0-d69c439606f6">
      <Execution id="e0bc0438-a20e-47f3-a98c-edf168d4ab6c" />
      <TestMethod codeBase="C:\ExameDesenvolvedorDeTestes\BackendTests\UnitTests\bin\Debug\net10.0\UnitTests.dll" adapterTypeName="executor://xunit/VsTestRunner3/netcore/" className="MinhasFinancas.UnitTests.Tests.Domain.TransacaoTests" name="SetCategoria_CategoriaAmbas_QualquerTipo_SemExcecao" />
    </UnitTest>
    <UnitTest name="MinhasFinancas.UnitTests.Tests.Domain.TransacaoTests.SetPessoa_MenorComDespesa_SemExcecao" storage="c:\examedesenvolvedordetestes\backendtests\unittests\bin\debug\net10.0\unittests.dll" id="2f58a66c-bda0-713f-ec5d-62beb7395cf4">
      <Execution id="ffa6d040-0f83-488c-a805-d40e5b8f08b4" />
      <TestMethod codeBase="C:\ExameDesenvolvedorDeTestes\BackendTests\UnitTests\bin\Debug\net10.0\UnitTests.dll" adapterTypeName="executor://xunit/VsTestRunner3/netcore/" className="MinhasFinancas.UnitTests.Tests.Domain.TransacaoTests" name="SetPessoa_MenorComDespesa_SemExcecao" />
    </UnitTest>
    <UnitTest name="MinhasFinancas.UnitTests.Tests.Domain.TransacaoTests.SetPessoa_Nulo_NaoLancaExcecao" storage="c:\examedesenvolvedordetestes\backendtests\unittests\bin\debug\net10.0\unittests.dll" id="dacac5f1-4033-4397-da54-be7442c2d14b">
      <Execution id="e0423ef5-6929-43cb-ae8b-8327c8576c73" />
      <TestMethod codeBase="C:\ExameDesenvolvedorDeTestes\BackendTests\UnitTests\bin\Debug\net10.0\UnitTests.dll" adapterTypeName="executor://xunit/VsTestRunner3/netcore/" className="MinhasFinancas.UnitTests.Tests.Domain.TransacaoTests" name="SetPessoa_Nulo_NaoLancaExcecao" />
    </UnitTest>
    <UnitTest name="MinhasFinancas.UnitTests.Tests.Domain.CategoriaTests.PermiteTipo_CategoriaDespesa_TransacaoDespesa_RetornaVerdadeiro" storage="c:\examedesenvolvedordetestes\backendtests\unittests\bin\debug\net10.0\unittests.dll" id="983ee69e-d6f5-50d9-a270-cafd679f0f45">
      <Execution id="a516e6db-4a11-46bb-9b72-96f6b90f9f97" />
      <TestMethod codeBase="C:\ExameDesenvolvedorDeTestes\BackendTests\UnitTests\bin\Debug\net10.0\UnitTests.dll" adapterTypeName="executor://xunit/VsTestRunner3/netcore/" className="MinhasFinancas.UnitTests.Tests.Domain.CategoriaTests" name="PermiteTipo_CategoriaDespesa_TransacaoDespesa_RetornaVerdadeiro" />
    </UnitTest>
    <UnitTest name="MinhasFinancas.UnitTests.Tests.Domain.PessoaTests.CalcularIdade_NascidoEm29Fev_LimiteAnoBissexto" storage="c:\examedesenvolvedordetestes\backendtests\unittests\bin\debug\net10.0\unittests.dll" id="39ae61ae-a5b3-bf53-2514-b5cf5e11697d">
      <Execution id="3f8bd471-278e-43db-89dd-349eb2b6758e" />
      <TestMethod codeBase="C:\ExameDesenvolvedorDeTestes\BackendTests\UnitTests\bin\Debug\net10.0\UnitTests.dll" adapterTypeName="executor://xunit/VsTestRunner3/netcore/" className="MinhasFinancas.UnitTests.Tests.Domain.PessoaTests" name="CalcularIdade_NascidoEm29Fev_LimiteAnoBissexto" />
    </UnitTest>
    <UnitTest name="MinhasFinancas.UnitTests.Tests.Domain.TransacaoTests.SetCategoria_AtribuiCategoriaIdCorretamente" storage="c:\examedesenvolvedordetestes\backendtests\unittests\bin\debug\net10.0\unittests.dll" id="3fd501f4-7d39-44cf-b136-b1e55fac9d6e">
      <Execution id="f38bebd2-5b41-4b54-b552-1fdb2db3a0c5" />
      <TestMethod codeBase="C:\ExameDesenvolvedorDeTestes\BackendTests\UnitTests\bin\Debug\net10.0\UnitTests.dll" adapterTypeName="executor://xunit/VsTestRunner3/netcore/" className="MinhasFinancas.UnitTests.Tests.Domain.TransacaoTests" name="SetCategoria_AtribuiCategoriaIdCorretamente" />
    </UnitTest>
    <UnitTest name="MinhasFinancas.UnitTests.Tests.Domain.CategoriaTests.PermiteTipo_CategoriaReceita_TransacaoReceita_RetornaVerdadeiro" storage="c:\examedesenvolvedordetestes\backendtests\unittests\bin\debug\net10.0\unittests.dll" id="d0bdfa8f-8660-267e-52b8-8fba135f05da">
      <Execution id="20d9876e-106c-4232-9a82-7c39104e370d" />
      <TestMethod codeBase="C:\ExameDesenvolvedorDeTestes\BackendTests\UnitTests\bin\Debug\net10.0\UnitTests.dll" adapterTypeName="executor://xunit/VsTestRunner3/netcore/" className="MinhasFinancas.UnitTests.Tests.Domain.CategoriaTests" name="PermiteTipo_CategoriaReceita_TransacaoReceita_RetornaVerdadeiro" />
    </UnitTest>
    <UnitTest name="MinhasFinancas.UnitTests.Tests.Domain.PessoaTests.EhMaiorDeIdade_Adulto_RetornaVerdadeiro" storage="c:\examedesenvolvedordetestes\backendtests\unittests\bin\debug\net10.0\unittests.dll" id="9bddbe00-c6fe-7c87-257e-844eeaca0374">
      <Execution id="23cdcebd-e221-48e9-89ca-f529be28a08a" />
      <TestMethod codeBase="C:\ExameDesenvolvedorDeTestes\BackendTests\UnitTests\bin\Debug\net10.0\UnitTests.dll" adapterTypeName="executor://xunit/VsTestRunner3/netcore/" className="MinhasFinancas.UnitTests.Tests.Domain.PessoaTests" name="EhMaiorDeIdade_Adulto_RetornaVerdadeiro" />
    </UnitTest>
    <UnitTest name="MinhasFinancas.UnitTests.Tests.Domain.PessoaTests.CalcularIdade_RecemNascido_RetornaZero" storage="c:\examedesenvolvedordetestes\backendtests\unittests\bin\debug\net10.0\unittests.dll" id="ae41a3f2-4a6e-fde5-9712-bc17afa58743">
      <Execution id="6bf1438b-237a-44c9-9e6a-05e98f35b30f" />
      <TestMethod codeBase="C:\ExameDesenvolvedorDeTestes\BackendTests\UnitTests\bin\Debug\net10.0\UnitTests.dll" adapterTypeName="executor://xunit/VsTestRunner3/netcore/" className="MinhasFinancas.UnitTests.Tests.Domain.PessoaTests" name="CalcularIdade_RecemNascido_RetornaZero" />
    </UnitTest>
    <UnitTest name="MinhasFinancas.UnitTests.Tests.Domain.TransacaoTests.SetPessoa_MenorComReceita_LancaInvalidOperationException" storage="c:\examedesenvolvedordetestes\backendtests\unittests\bin\debug\net10.0\unittests.dll" id="fc385245-93a4-0118-d40c-e19cb25149ba">
      <Execution id="91c6d6b2-7855-4d8a-9ca8-aa449abfc38f" />
      <TestMethod codeBase="C:\ExameDesenvolvedorDeTestes\BackendTests\UnitTests\bin\Debug\net10.0\UnitTests.dll" adapterTypeName="executor://xunit/VsTestRunner3/netcore/" className="MinhasFinancas.UnitTests.Tests.Domain.TransacaoTests" name="SetPessoa_MenorComReceita_LancaInvalidOperationException" />
    </UnitTest>
    <UnitTest name="MinhasFinancas.UnitTests.Tests.Domain.CategoriaTests.PermiteTipo_CategoriaAmbas_TransacaoDespesa_RetornaVerdadeiro" storage="c:\examedesenvolvedordetestes\backendtests\unittests\bin\debug\net10.0\unittests.dll" id="7faddcb2-0ee6-7ed1-2082-2ceb3a35baad">
      <Execution id="46634fbe-8c03-4cfc-a8cd-64af3bbe9a7f" />
      <TestMethod codeBase="C:\ExameDesenvolvedorDeTestes\BackendTests\UnitTests\bin\Debug\net10.0\UnitTests.dll" adapterTypeName="executor://xunit/VsTestRunner3/netcore/" className="MinhasFinancas.UnitTests.Tests.Domain.CategoriaTests" name="PermiteTipo_CategoriaAmbas_TransacaoDespesa_RetornaVerdadeiro" />
    </UnitTest>
    <UnitTest name="MinhasFinancas.UnitTests.Tests.Domain.TransacaoTests.SetCategoria_ReceitaComCategoriaReceita_SemExcecao" storage="c:\examedesenvolvedordetestes\backendtests\unittests\bin\debug\net10.0\unittests.dll" id="904f0335-9d6d-2113-12dc-a641bda67d72">
      <Execution id="97083983-d4ea-48d7-881e-eea10d2b007c" />
      <TestMethod codeBase="C:\ExameDesenvolvedorDeTestes\BackendTests\UnitTests\bin\Debug\net10.0\UnitTests.dll" adapterTypeName="executor://xunit/VsTestRunner3/netcore/" className="MinhasFinancas.UnitTests.Tests.Domain.TransacaoTests" name="SetCategoria_ReceitaComCategoriaReceita_SemExcecao" />
    </UnitTest>
    <UnitTest name="MinhasFinancas.UnitTests.Tests.Domain.TransacaoTests.SetPessoa_AdultoComReceita_SemExcecao" storage="c:\examedesenvolvedordetestes\backendtests\unittests\bin\debug\net10.0\unittests.dll" id="46dcbf50-c47a-4812-1793-b5647f54f099">
      <Execution id="c80d3e67-2eeb-4a86-9433-eeffa9e84be5" />
      <TestMethod codeBase="C:\ExameDesenvolvedorDeTestes\BackendTests\UnitTests\bin\Debug\net10.0\UnitTests.dll" adapterTypeName="executor://xunit/VsTestRunner3/netcore/" className="MinhasFinancas.UnitTests.Tests.Domain.TransacaoTests" name="SetPessoa_AdultoComReceita_SemExcecao" />
    </UnitTest>
    <UnitTest name="MinhasFinancas.UnitTests.Tests.Domain.TransacaoTests.SetPessoa_AdultoComDespesa_SemExcecao" storage="c:\examedesenvolvedordetestes\backendtests\unittests\bin\debug\net10.0\unittests.dll" id="a2e97b29-6ee9-9a6b-de23-5e8c81573971">
      <Execution id="892027ec-5e4d-483a-8639-f2fe63a16de6" />
      <TestMethod codeBase="C:\ExameDesenvolvedorDeTestes\BackendTests\UnitTests\bin\Debug\net10.0\UnitTests.dll" adapterTypeName="executor://xunit/VsTestRunner3/netcore/" className="MinhasFinancas.UnitTests.Tests.Domain.TransacaoTests" name="SetPessoa_AdultoComDespesa_SemExcecao" />
    </UnitTest>
    <UnitTest name="MinhasFinancas.UnitTests.Tests.Domain.CategoriaTests.PermiteTipo_CategoriaAmbas_TransacaoReceita_RetornaVerdadeiro" storage="c:\examedesenvolvedordetestes\backendtests\unittests\bin\debug\net10.0\unittests.dll" id="11435094-7b46-53c5-c20f-5b5e85623dda">
      <Execution id="82dccb59-e582-45b6-b1be-c925bff799d8" />
      <TestMethod codeBase="C:\ExameDesenvolvedorDeTestes\BackendTests\UnitTests\bin\Debug\net10.0\UnitTests.dll" adapterTypeName="executor://xunit/VsTestRunner3/netcore/" className="MinhasFinancas.UnitTests.Tests.Domain.CategoriaTests" name="PermiteTipo_CategoriaAmbas_TransacaoReceita_RetornaVerdadeiro" />
    </UnitTest>
    <UnitTest name="MinhasFinancas.UnitTests.Tests.Domain.CategoriaTests.PermiteTipo_CategoriaReceita_TransacaoDespesa_RetornaFalso" storage="c:\examedesenvolvedordetestes\backendtests\unittests\bin\debug\net10.0\unittests.dll" id="4cd4c8e5-2c6c-01f8-e6ad-2f906e39e61f">
      <Execution id="01ee791b-6574-4dd3-a672-13d30d6136e0" />
      <TestMethod codeBase="C:\ExameDesenvolvedorDeTestes\BackendTests\UnitTests\bin\Debug\net10.0\UnitTests.dll" adapterTypeName="executor://xunit/VsTestRunner3/netcore/" className="MinhasFinancas.UnitTests.Tests.Domain.CategoriaTests" name="PermiteTipo_CategoriaReceita_TransacaoDespesa_RetornaFalso" />
    </UnitTest>
    <UnitTest name="MinhasFinancas.UnitTests.Tests.Domain.TransacaoTests.SetCategoria_CategoriaAmbas_QualquerTipo_SemExcecao(tipo: Receita)" storage="c:\examedesenvolvedordetestes\backendtests\unittests\bin\debug\net10.0\unittests.dll" id="5a9742ea-4ca6-559e-3e1a-2129bf810692">
      <Execution id="115e1d13-12d3-4ca7-ad4d-d0ae8691d23f" />
      <TestMethod codeBase="C:\ExameDesenvolvedorDeTestes\BackendTests\UnitTests\bin\Debug\net10.0\UnitTests.dll" adapterTypeName="executor://xunit/VsTestRunner3/netcore/" className="MinhasFinancas.UnitTests.Tests.Domain.TransacaoTests" name="SetCategoria_CategoriaAmbas_QualquerTipo_SemExcecao" />
    </UnitTest>
    <UnitTest name="MinhasFinancas.UnitTests.Tests.Domain.PessoaTests.CalcularIdade_DataFutura_IdadeNegativa" storage="c:\examedesenvolvedordetestes\backendtests\unittests\bin\debug\net10.0\unittests.dll" id="ab6cf0a6-4f3c-525f-3a27-4f6218fd8f9a">
      <Execution id="72f0b404-242b-415a-b9a6-8d3b969d983e" />
      <TestMethod codeBase="C:\ExameDesenvolvedorDeTestes\BackendTests\UnitTests\bin\Debug\net10.0\UnitTests.dll" adapterTypeName="executor://xunit/VsTestRunner3/netcore/" className="MinhasFinancas.UnitTests.Tests.Domain.PessoaTests" name="CalcularIdade_DataFutura_IdadeNegativa" />
    </UnitTest>
    <UnitTest name="MinhasFinancas.UnitTests.Tests.Domain.CategoriaTests.PermiteTipo_FinalidadePadrao_ComportaComoDespesa" storage="c:\examedesenvolvedordetestes\backendtests\unittests\bin\debug\net10.0\unittests.dll" id="3ca595f0-cf79-ef3a-011f-bf79710923b5">
      <Execution id="422ed18c-8a72-4bdf-afd9-4dd50757e13e" />
      <TestMethod codeBase="C:\ExameDesenvolvedorDeTestes\BackendTests\UnitTests\bin\Debug\net10.0\UnitTests.dll" adapterTypeName="executor://xunit/VsTestRunner3/netcore/" className="MinhasFinancas.UnitTests.Tests.Domain.CategoriaTests" name="PermiteTipo_FinalidadePadrao_ComportaComoDespesa" />
    </UnitTest>
    <UnitTest name="MinhasFinancas.UnitTests.Tests.Application.PessoaValidationTests.ValidarDataNascimento_DataPassada_RetornaSucesso" storage="c:\examedesenvolvedordetestes\backendtests\unittests\bin\debug\net10.0\unittests.dll" id="e2d0f7c0-064e-8458-4c1e-2e65821dd073">
      <Execution id="685a970b-3668-457b-a700-8442c54c650b" />
      <TestMethod codeBase="C:\ExameDesenvolvedorDeTestes\BackendTests\UnitTests\bin\Debug\net10.0\UnitTests.dll" adapterTypeName="executor://xunit/VsTestRunner3/netcore/" className="MinhasFinancas.UnitTests.Tests.Application.PessoaValidationTests" name="ValidarDataNascimento_DataPassada_RetornaSucesso" />
    </UnitTest>
    <UnitTest name="MinhasFinancas.UnitTests.Tests.Application.PessoaValidationTests.ValidarDataNascimento_DataFutura_RetornaErroValidacao" storage="c:\examedesenvolvedordetestes\backendtests\unittests\bin\debug\net10.0\unittests.dll" id="2cfb5afe-ce3f-3803-06bc-9e4b22576403">
      <Execution id="0399868c-81aa-4010-9354-c1b8bfdff9bf" />
      <TestMethod codeBase="C:\ExameDesenvolvedorDeTestes\BackendTests\UnitTests\bin\Debug\net10.0\UnitTests.dll" adapterTypeName="executor://xunit/VsTestRunner3/netcore/" className="MinhasFinancas.UnitTests.Tests.Application.PessoaValidationTests" name="ValidarDataNascimento_DataFutura_RetornaErroValidacao" />
    </UnitTest>
    <UnitTest name="MinhasFinancas.UnitTests.Tests.Application.PessoaValidationTests.ValidarDataNascimento_FuturoDistante_RetornaErroValidacao" storage="c:\examedesenvolvedordetestes\backendtests\unittests\bin\debug\net10.0\unittests.dll" id="1381c363-24fd-45bf-0aa1-d4115d1f2ae8">
      <Execution id="9e5905e3-5d55-4cbb-af0e-f53193be2837" />
      <TestMethod codeBase="C:\ExameDesenvolvedorDeTestes\BackendTests\UnitTests\bin\Debug\net10.0\UnitTests.dll" adapterTypeName="executor://xunit/VsTestRunner3/netcore/" className="MinhasFinancas.UnitTests.Tests.Application.PessoaValidationTests" name="ValidarDataNascimento_FuturoDistante_RetornaErroValidacao" />
    </UnitTest>
    <UnitTest name="MinhasFinancas.UnitTests.Tests.Domain.TransacaoTests.SetCategoria_DespesaComCategoriaDespesa_SemExcecao" storage="c:\examedesenvolvedordetestes\backendtests\unittests\bin\debug\net10.0\unittests.dll" id="c030365b-14af-5d33-1289-e9efa9a033f8">
      <Execution id="fd15225c-9717-40ca-b7d0-6b5ffb1bc18f" />
      <TestMethod codeBase="C:\ExameDesenvolvedorDeTestes\BackendTests\UnitTests\bin\Debug\net10.0\UnitTests.dll" adapterTypeName="executor://xunit/VsTestRunner3/netcore/" className="MinhasFinancas.UnitTests.Tests.Domain.TransacaoTests" name="SetCategoria_DespesaComCategoriaDespesa_SemExcecao" />
    </UnitTest>
    <UnitTest name="MinhasFinancas.UnitTests.Tests.Domain.CategoriaTests.PermiteTipo_CategoriaDespesa_TransacaoReceita_RetornaFalso" storage="c:\examedesenvolvedordetestes\backendtests\unittests\bin\debug\net10.0\unittests.dll" id="b550e207-94bb-03f8-f427-c5d654b797a9">
      <Execution id="bc4f41f7-7318-4059-8e46-57d1d88bcf7a" />
      <TestMethod codeBase="C:\ExameDesenvolvedorDeTestes\BackendTests\UnitTests\bin\Debug\net10.0\UnitTests.dll" adapterTypeName="executor://xunit/VsTestRunner3/netcore/" className="MinhasFinancas.UnitTests.Tests.Domain.CategoriaTests" name="PermiteTipo_CategoriaDespesa_TransacaoReceita_RetornaFalso" />
    </UnitTest>
    <UnitTest name="MinhasFinancas.UnitTests.Tests.Application.PessoaValidationTests.ValidarDataNascimento_Hoje_RetornaSucesso" storage="c:\examedesenvolvedordetestes\backendtests\unittests\bin\debug\net10.0\unittests.dll" id="054fc4a8-e6da-fdb9-cbf9-3e4ab44ac342">
      <Execution id="7f5a71d9-4696-4731-a126-36ae9740c68f" />
      <TestMethod codeBase="C:\ExameDesenvolvedorDeTestes\BackendTests\UnitTests\bin\Debug\net10.0\UnitTests.dll" adapterTypeName="executor://xunit/VsTestRunner3/netcore/" className="MinhasFinancas.UnitTests.Tests.Application.PessoaValidationTests" name="ValidarDataNascimento_Hoje_RetornaSucesso" />
    </UnitTest>
    <UnitTest name="MinhasFinancas.UnitTests.Tests.Domain.PessoaTests.EhMaiorDeIdade_17AnosE364Dias_RetornaFalso" storage="c:\examedesenvolvedordetestes\backendtests\unittests\bin\debug\net10.0\unittests.dll" id="6afc570d-c86d-6d26-0595-e811d4f80d96">
      <Execution id="85da7098-b033-4988-9ec3-eb1a9a2067b1" />
      <TestMethod codeBase="C:\ExameDesenvolvedorDeTestes\BackendTests\UnitTests\bin\Debug\net10.0\UnitTests.dll" adapterTypeName="executor://xunit/VsTestRunner3/netcore/" className="MinhasFinancas.UnitTests.Tests.Domain.PessoaTests" name="EhMaiorDeIdade_17AnosE364Dias_RetornaFalso" />
    </UnitTest>
    <UnitTest name="MinhasFinancas.UnitTests.Tests.Domain.PessoaTests.EhMaiorDeIdade_Crianca_RetornaFalso" storage="c:\examedesenvolvedordetestes\backendtests\unittests\bin\debug\net10.0\unittests.dll" id="11f2be0d-ba9e-b2d3-d675-9bb57f4cb623">
      <Execution id="bafa29a3-20be-4e73-9e95-f2d7e387ef90" />
      <TestMethod codeBase="C:\ExameDesenvolvedorDeTestes\BackendTests\UnitTests\bin\Debug\net10.0\UnitTests.dll" adapterTypeName="executor://xunit/VsTestRunner3/netcore/" className="MinhasFinancas.UnitTests.Tests.Domain.PessoaTests" name="EhMaiorDeIdade_Crianca_RetornaFalso" />
    </UnitTest>
    <UnitTest name="MinhasFinancas.UnitTests.Tests.Application.PessoaValidationTests.ValidarDataNascimento_PassadoDistante_RetornaSucesso" storage="c:\examedesenvolvedordetestes\backendtests\unittests\bin\debug\net10.0\unittests.dll" id="50e76289-b667-620a-ee99-a0062246e121">
      <Execution id="a5c05e6f-099e-454f-9dc4-109ea2c6b66d" />
      <TestMethod codeBase="C:\ExameDesenvolvedorDeTestes\BackendTests\UnitTests\bin\Debug\net10.0\UnitTests.dll" adapterTypeName="executor://xunit/VsTestRunner3/netcore/" className="MinhasFinancas.UnitTests.Tests.Application.PessoaValidationTests" name="ValidarDataNascimento_PassadoDistante_RetornaSucesso" />
    </UnitTest>
    <UnitTest name="MinhasFinancas.UnitTests.Tests.Domain.TransacaoTests.SetCategoria_ReceitaComCategoriaDespesa_LancaInvalidOperationException" storage="c:\examedesenvolvedordetestes\backendtests\unittests\bin\debug\net10.0\unittests.dll" id="94914f78-6fb0-0157-de3a-5b4edd4cdeb9">
      <Execution id="7cd3fefc-18cf-4048-a073-8b490ccf9c51" />
      <TestMethod codeBase="C:\ExameDesenvolvedorDeTestes\BackendTests\UnitTests\bin\Debug\net10.0\UnitTests.dll" adapterTypeName="executor://xunit/VsTestRunner3/netcore/" className="MinhasFinancas.UnitTests.Tests.Domain.TransacaoTests" name="SetCategoria_ReceitaComCategoriaDespesa_LancaInvalidOperationException" />
    </UnitTest>
    <UnitTest name="MinhasFinancas.UnitTests.Tests.Domain.PessoaTests.EhMaiorDeIdade_18Anos_RetornaVerdadeiro" storage="c:\examedesenvolvedordetestes\backendtests\unittests\bin\debug\net10.0\unittests.dll" id="7a40bb63-a827-d0e2-b21d-244eb0ff5d0c">
      <Execution id="b6c12611-79c3-4428-a5ea-43e51bb5dbe2" />
      <TestMethod codeBase="C:\ExameDesenvolvedorDeTestes\BackendTests\UnitTests\bin\Debug\net10.0\UnitTests.dll" adapterTypeName="executor://xunit/VsTestRunner3/netcore/" className="MinhasFinancas.UnitTests.Tests.Domain.PessoaTests" name="EhMaiorDeIdade_18Anos_RetornaVerdadeiro" />
    </UnitTest>
    <UnitTest name="MinhasFinancas.UnitTests.Tests.Domain.TransacaoTests.SetCategoria_DespesaComCategoriaReceita_LancaInvalidOperationException" storage="c:\examedesenvolvedordetestes\backendtests\unittests\bin\debug\net10.0\unittests.dll" id="3688e9b5-02b2-5775-dcb9-28094af7f9a8">
      <Execution id="81f827af-6700-4df7-be0a-ff75556ef8b1" />
      <TestMethod codeBase="C:\ExameDesenvolvedorDeTestes\BackendTests\UnitTests\bin\Debug\net10.0\UnitTests.dll" adapterTypeName="executor://xunit/VsTestRunner3/netcore/" className="MinhasFinancas.UnitTests.Tests.Domain.TransacaoTests" name="SetCategoria_DespesaComCategoriaReceita_LancaInvalidOperationException" />
    </UnitTest>
  </TestDefinitions>
  <TestEntries>
    <TestEntry testId="fc385245-93a4-0118-d40c-e19cb25149ba" executionId="91c6d6b2-7855-4d8a-9ca8-aa449abfc38f" testListId="8c84fa94-04c1-424b-9868-57a2d4851a1d" />
    <TestEntry testId="11f2be0d-ba9e-b2d3-d675-9bb57f4cb623" executionId="bafa29a3-20be-4e73-9e95-f2d7e387ef90" testListId="8c84fa94-04c1-424b-9868-57a2d4851a1d" />
    <TestEntry testId="1381c363-24fd-45bf-0aa1-d4115d1f2ae8" executionId="9e5905e3-5d55-4cbb-af0e-f53193be2837" testListId="8c84fa94-04c1-424b-9868-57a2d4851a1d" />
    <TestEntry testId="2f58a66c-bda0-713f-ec5d-62beb7395cf4" executionId="ffa6d040-0f83-488c-a805-d40e5b8f08b4" testListId="8c84fa94-04c1-424b-9868-57a2d4851a1d" />
    <TestEntry testId="9bddbe00-c6fe-7c87-257e-844eeaca0374" executionId="23cdcebd-e221-48e9-89ca-f529be28a08a" testListId="8c84fa94-04c1-424b-9868-57a2d4851a1d" />
    <TestEntry testId="3fd501f4-7d39-44cf-b136-b1e55fac9d6e" executionId="f38bebd2-5b41-4b54-b552-1fdb2db3a0c5" testListId="8c84fa94-04c1-424b-9868-57a2d4851a1d" />
    <TestEntry testId="6afc570d-c86d-6d26-0595-e811d4f80d96" executionId="85da7098-b033-4988-9ec3-eb1a9a2067b1" testListId="8c84fa94-04c1-424b-9868-57a2d4851a1d" />
    <TestEntry testId="11435094-7b46-53c5-c20f-5b5e85623dda" executionId="82dccb59-e582-45b6-b1be-c925bff799d8" testListId="8c84fa94-04c1-424b-9868-57a2d4851a1d" />
    <TestEntry testId="a5775dc8-9351-8e52-be13-68f5bd4b5ac2" executionId="654a6240-2a2f-41f5-8eef-78829f6375a6" testListId="8c84fa94-04c1-424b-9868-57a2d4851a1d" />
    <TestEntry testId="054fc4a8-e6da-fdb9-cbf9-3e4ab44ac342" executionId="7f5a71d9-4696-4731-a126-36ae9740c68f" testListId="8c84fa94-04c1-424b-9868-57a2d4851a1d" />
    <TestEntry testId="d1fcb5c0-97c8-fa00-f7a0-d69c439606f6" executionId="e0bc0438-a20e-47f3-a98c-edf168d4ab6c" testListId="8c84fa94-04c1-424b-9868-57a2d4851a1d" />
    <TestEntry testId="3ca595f0-cf79-ef3a-011f-bf79710923b5" executionId="422ed18c-8a72-4bdf-afd9-4dd50757e13e" testListId="8c84fa94-04c1-424b-9868-57a2d4851a1d" />
    <TestEntry testId="e2d0f7c0-064e-8458-4c1e-2e65821dd073" executionId="685a970b-3668-457b-a700-8442c54c650b" testListId="8c84fa94-04c1-424b-9868-57a2d4851a1d" />
    <TestEntry testId="46dcbf50-c47a-4812-1793-b5647f54f099" executionId="c80d3e67-2eeb-4a86-9433-eeffa9e84be5" testListId="8c84fa94-04c1-424b-9868-57a2d4851a1d" />
    <TestEntry testId="6d21387c-9cf8-3cf7-1e01-4e0969b27c17" executionId="6125f06d-46df-41aa-8dd8-a2ce7d9fbaf6" testListId="8c84fa94-04c1-424b-9868-57a2d4851a1d" />
    <TestEntry testId="39ae61ae-a5b3-bf53-2514-b5cf5e11697d" executionId="3f8bd471-278e-43db-89dd-349eb2b6758e" testListId="8c84fa94-04c1-424b-9868-57a2d4851a1d" />
    <TestEntry testId="50e76289-b667-620a-ee99-a0062246e121" executionId="a5c05e6f-099e-454f-9dc4-109ea2c6b66d" testListId="8c84fa94-04c1-424b-9868-57a2d4851a1d" />
    <TestEntry testId="7faddcb2-0ee6-7ed1-2082-2ceb3a35baad" executionId="46634fbe-8c03-4cfc-a8cd-64af3bbe9a7f" testListId="8c84fa94-04c1-424b-9868-57a2d4851a1d" />
    <TestEntry testId="c030365b-14af-5d33-1289-e9efa9a033f8" executionId="fd15225c-9717-40ca-b7d0-6b5ffb1bc18f" testListId="8c84fa94-04c1-424b-9868-57a2d4851a1d" />
    <TestEntry testId="2cfb5afe-ce3f-3803-06bc-9e4b22576403" executionId="0399868c-81aa-4010-9354-c1b8bfdff9bf" testListId="8c84fa94-04c1-424b-9868-57a2d4851a1d" />
    <TestEntry testId="a2e97b29-6ee9-9a6b-de23-5e8c81573971" executionId="892027ec-5e4d-483a-8639-f2fe63a16de6" testListId="8c84fa94-04c1-424b-9868-57a2d4851a1d" />
    <TestEntry testId="b550e207-94bb-03f8-f427-c5d654b797a9" executionId="bc4f41f7-7318-4059-8e46-57d1d88bcf7a" testListId="8c84fa94-04c1-424b-9868-57a2d4851a1d" />
    <TestEntry testId="3688e9b5-02b2-5775-dcb9-28094af7f9a8" executionId="81f827af-6700-4df7-be0a-ff75556ef8b1" testListId="8c84fa94-04c1-424b-9868-57a2d4851a1d" />
    <TestEntry testId="983ee69e-d6f5-50d9-a270-cafd679f0f45" executionId="a516e6db-4a11-46bb-9b72-96f6b90f9f97" testListId="8c84fa94-04c1-424b-9868-57a2d4851a1d" />
    <TestEntry testId="94914f78-6fb0-0157-de3a-5b4edd4cdeb9" executionId="7cd3fefc-18cf-4048-a073-8b490ccf9c51" testListId="8c84fa94-04c1-424b-9868-57a2d4851a1d" />
    <TestEntry testId="904f0335-9d6d-2113-12dc-a641bda67d72" executionId="97083983-d4ea-48d7-881e-eea10d2b007c" testListId="8c84fa94-04c1-424b-9868-57a2d4851a1d" />
    <TestEntry testId="d0bdfa8f-8660-267e-52b8-8fba135f05da" executionId="20d9876e-106c-4232-9a82-7c39104e370d" testListId="8c84fa94-04c1-424b-9868-57a2d4851a1d" />
    <TestEntry testId="dacac5f1-4033-4397-da54-be7442c2d14b" executionId="e0423ef5-6929-43cb-ae8b-8327c8576c73" testListId="8c84fa94-04c1-424b-9868-57a2d4851a1d" />
    <TestEntry testId="4cd4c8e5-2c6c-01f8-e6ad-2f906e39e61f" executionId="01ee791b-6574-4dd3-a672-13d30d6136e0" testListId="8c84fa94-04c1-424b-9868-57a2d4851a1d" />
    <TestEntry testId="ae41a3f2-4a6e-fde5-9712-bc17afa58743" executionId="6bf1438b-237a-44c9-9e6a-05e98f35b30f" testListId="8c84fa94-04c1-424b-9868-57a2d4851a1d" />
    <TestEntry testId="7a40bb63-a827-d0e2-b21d-244eb0ff5d0c" executionId="b6c12611-79c3-4428-a5ea-43e51bb5dbe2" testListId="8c84fa94-04c1-424b-9868-57a2d4851a1d" />
    <TestEntry testId="ab6cf0a6-4f3c-525f-3a27-4f6218fd8f9a" executionId="72f0b404-242b-415a-b9a6-8d3b969d983e" testListId="8c84fa94-04c1-424b-9868-57a2d4851a1d" />
    <TestEntry testId="5a9742ea-4ca6-559e-3e1a-2129bf810692" executionId="115e1d13-12d3-4ca7-ad4d-d0ae8691d23f" testListId="8c84fa94-04c1-424b-9868-57a2d4851a1d" />
  </TestEntries>
  <TestLists>
    <TestList name="Resultados que não estão em uma lista" id="8c84fa94-04c1-424b-9868-57a2d4851a1d" />
    <TestList name="Todos os resultados carregados" id="19431567-8539-422a-85d7-44ee4e166bda" />
  </TestLists>
  <ResultSummary outcome="Completed">
    <Counters total="33" executed="33" passed="33" failed="0" error="0" timeout="0" aborted="0" inconclusive="0" passedButRunAborted="0" notRunnable="0" notExecuted="0" disconnected="0" warning="0" completed="0" inProgress="0" pending="0" />
    <Output>
      <StdOut>[xUnit.net 00:00:00.00] xUnit.net VSTest Adapter v3.1.4+50e68bbb8b (64-bit .NET 10.0.3)&#xD;
[xUnit.net 00:00:00.14]   Discovering: UnitTests&#xD;
[xUnit.net 00:00:00.20]   Discovered:  UnitTests&#xD;
[xUnit.net 00:00:00.24]   Starting:    UnitTests&#xD;
     Warning:&#xD;
     The component "Fluent Assertions" is governed by the rules defined in the Xceed License Agreement and&#xD;
     the Xceed Fluent Assertions Community License. You may use Fluent Assertions free of charge for&#xD;
     non-commercial use only. An active subscription is required to use Fluent Assertions for commercial use.&#xD;
     Please contact Xceed Sales mailto:sales@xceed.com to acquire a subscription at a very low cost.&#xD;
     A paid commercial license supports the development and continued increasing support of&#xD;
     Fluent Assertions users under both commercial and community licenses. Help us&#xD;
     keep Fluent Assertions at the forefront of unit testing.&#xD;
     For more information, visit https://xceed.com/products/unit-testing/fluent-assertions/&#xD;
[xUnit.net 00:00:00.37]   Finished:    UnitTests&#xD;
</StdOut>
    </Output>
  </ResultSummary>
</TestRun>